You are running cutadapt 1.7.1 with Python 2.7.6
Command line parameters: -a TGGAATTCTCGGGTGCCAAGG /share/de/GSE_61499e7f44c21/GSE_61499e7f44c21/SRR13129040/SRR13129040_cat.fastq
Maximum error rate: 10.00%
   No. of adapters: 1
   Processed reads:      8208659
   Processed bases:    244636315 bp (244.6 Mbp)
     Trimmed reads:      1405736 (17.1%)
     Trimmed bases:     18593924 bp (18.6 Mbp) (7.60% of total)
   Too short reads:            0 (0.0% of processed reads)
    Too long reads:            0 (0.0% of processed reads)
        Total time:     78.41 s
     Time per read:      0.010 ms

=== Adapter 1 ===

Sequence: TGGAATTCTCGGGTGCCAAGG; Type: regular 3'; Length: 21; Trimmed: 1405736 times.

No. of allowed errors:
0-9 bp: 0; 10-19 bp: 1; 20-21 bp: 2

Bases preceding removed adapters:
  A: 14.3%
  C: 45.5%
  G: 23.8%
  T: 16.3%
  none/other: 0.0%

Overview of removed sequences
length	count	expect	max.err	error counts
3	142322	128260.3	0	142322
4	24532	32065.1	0	24532
5	4258	8016.3	0	4258
6	767	2004.1	0	767
7	283	501.0	0	283
8	6425	125.3	0	6425
9	6228	31.3	0	1101 5127
10	24565	7.8	1	2743 21822
11	27589	2.0	1	21 27568
12	62443	0.5	1	28 62415
13	161050	0.1	1	584 160466
14	296949	0.0	1	137 296812
15	350959	0.0	1	66 350893
16	142226	0.0	1	0 142226
17	75003	0.0	1	2 75001
18	48250	0.0	1	0 47077 1173
19	15134	0.0	1	0 13815 1319
20	2690	0.0	2	0 696 1994
21	2290	0.0	2	0 0 2290
22	1607	0.0	2	0 0 1607
23	1348	0.0	2	0 0 1348
24	1502	0.0	2	0 0 1502
25	1458	0.0	2	0 0 1458
26	1107	0.0	2	0 0 1107
27	972	0.0	2	0 0 972
28	711	0.0	2	0 0 711
29	767	0.0	2	0 0 767
30	529	0.0	2	0 0 529
31	431	0.0	2	0 0 431
32	445	0.0	2	0 0 445
33	352	0.0	2	0 0 352
34	212	0.0	2	0 0 212
35	73	0.0	2	0 0 73
36	53	0.0	2	0 0 53
37	47	0.0	2	0 0 47
38	30	0.0	2	0 0 30
39	11	0.0	2	0 0 11
40	7	0.0	2	0 0 7
41	4	0.0	2	0 0 4
42	8	0.0	2	0 0 8
43	99	0.0	2	0 0 99

Started analysis of SRR13129040-trimmed.fastq
Approx 5% complete for SRR13129040-trimmed.fastq
Approx 10% complete for SRR13129040-trimmed.fastq
Approx 15% complete for SRR13129040-trimmed.fastq
Approx 20% complete for SRR13129040-trimmed.fastq
Approx 25% complete for SRR13129040-trimmed.fastq
Approx 30% complete for SRR13129040-trimmed.fastq
Approx 35% complete for SRR13129040-trimmed.fastq
Approx 40% complete for SRR13129040-trimmed.fastq
Approx 45% complete for SRR13129040-trimmed.fastq
Approx 50% complete for SRR13129040-trimmed.fastq
Approx 55% complete for SRR13129040-trimmed.fastq
Approx 60% complete for SRR13129040-trimmed.fastq
Approx 65% complete for SRR13129040-trimmed.fastq
Approx 70% complete for SRR13129040-trimmed.fastq
Approx 75% complete for SRR13129040-trimmed.fastq
Approx 80% complete for SRR13129040-trimmed.fastq
Approx 85% complete for SRR13129040-trimmed.fastq
Approx 90% complete for SRR13129040-trimmed.fastq
Approx 95% complete for SRR13129040-trimmed.fastq
Approx 100% complete for SRR13129040-trimmed.fastq
Started analysis of SRR13129040-nofilt-trimmed.fastq
Approx 5% complete for SRR13129040-nofilt-trimmed.fastq
Approx 10% complete for SRR13129040-nofilt-trimmed.fastq
Approx 15% complete for SRR13129040-nofilt-trimmed.fastq
Approx 20% complete for SRR13129040-nofilt-trimmed.fastq
Approx 25% complete for SRR13129040-nofilt-trimmed.fastq
Approx 30% complete for SRR13129040-nofilt-trimmed.fastq
Approx 35% complete for SRR13129040-nofilt-trimmed.fastq
Approx 40% complete for SRR13129040-nofilt-trimmed.fastq
Approx 45% complete for SRR13129040-nofilt-trimmed.fastq
Approx 50% complete for SRR13129040-nofilt-trimmed.fastq
Approx 55% complete for SRR13129040-nofilt-trimmed.fastq
Approx 60% complete for SRR13129040-nofilt-trimmed.fastq
Approx 65% complete for SRR13129040-nofilt-trimmed.fastq
Approx 70% complete for SRR13129040-nofilt-trimmed.fastq
Approx 75% complete for SRR13129040-nofilt-trimmed.fastq
Approx 80% complete for SRR13129040-nofilt-trimmed.fastq
Approx 85% complete for SRR13129040-nofilt-trimmed.fastq
Approx 90% complete for SRR13129040-nofilt-trimmed.fastq
Approx 95% complete for SRR13129040-nofilt-trimmed.fastq
Approx 100% complete for SRR13129040-nofilt-trimmed.fastq
mac2unix: converting file /share/de/GSE_61499e7f44c21/GSE_61499e7f44c21/SRR13129040/error.log to Unix format ...
mac2unix: converting file /share/de/GSE_61499e7f44c21/GSE_61499e7f44c21/SRR13129040/output.log to Unix format ...
Warning messages:
1: In scan(file = file, what = what, sep = sep, quote = quote, dec = dec,  :
  EOF within quoted string
2: In scan(file = file, what = what, sep = sep, quote = quote, dec = dec,  :
  number of items read is not a multiple of the number of columns

        ==========     _____ _    _ ____  _____  ______          _____  
        =====         / ____| |  | |  _ \|  __ \|  ____|   /\   |  __ \ 
          =====      | (___ | |  | | |_) | |__) | |__     /  \  | |  | |
            ====      \___ \| |  | |  _ <|  _  /|  __|   / /\ \ | |  | |
              ====    ____) | |__| | |_) | | \ \| |____ / ____ \| |__| |
        ==========   |_____/ \____/|____/|_|  \_\______/_/    \_\_____/
	  v1.4.6

//========================== featureCounts setting ===========================\\
||                                                                            ||
||             Input files : 1 BAM file                                       ||
||                           S /share/de/GSE_61499e7f44c21/SRR13129040-al ... ||
||                                                                            ||
||             Output file : /share/de/GSE_61499e7f44c21/GSE_61499e7f44c2 ... ||
||             Annotations : /home/vsac/database2/all/saf/all.saf (SAF)       ||
||                                                                            ||
||                 Threads : 1                                                ||
||                   Level : meta-feature level                               ||
||              Paired-end : no                                               ||
||         Strand specific : no                                               ||
||      Multimapping reads : not counted                                      ||
|| Multi-overlapping reads : not counted                                      ||
||                                                                            ||
\\===================== http://subread.sourceforge.net/ ======================//

//================================= Running ==================================\\
||                                                                            ||
|| Load annotation file /home/vsac/database2/all/saf/all.saf ...              ||
||    Features : 23571                                                        ||
||    Meta-features : 23571                                                   ||
||    Chromosomes : 23571                                                     ||
||                                                                            ||
|| Process BAM file /share/de/GSE_61499e7f44c21/SRR13129040-all.bam...        ||
||    Single-end reads are included.                                          ||
||    Assign reads to features...                                             ||
||    Total reads : 2892616                                                   ||
||    Successfully assigned reads : 23 (0.0%)                                 ||
||    Running time : 0.05 minutes                                             ||
||                                                                            ||
||                         Read assignment finished.                          ||
||                                                                            ||
\\===================== http://subread.sourceforge.net/ ======================//

cat: SRR13129040: No such file or directory
