UNCONDITIONAL_BIDIRECTIONAL_TRIM_LENGTH=0
No barcode trimming requested by user
Analysis complete for SRR13129042-trimmed.fastq
Analysis complete for SRR13129042-nofilt-trimmed.fastq
Archive:  SRR13129042.fastq.gz.fasta.fastq.zip
   creating: SRR13129042.fastq.gz.fasta.fastq/
   creating: SRR13129042.fastq.gz.fasta.fastq/Icons/
   creating: SRR13129042.fastq.gz.fasta.fastq/Images/
  inflating: SRR13129042.fastq.gz.fasta.fastq/Icons/fastqc_icon.png  
  inflating: SRR13129042.fastq.gz.fasta.fastq/Icons/warning.png  
  inflating: SRR13129042.fastq.gz.fasta.fastq/Icons/error.png  
  inflating: SRR13129042.fastq.gz.fasta.fastq/Icons/tick.png  
  inflating: SRR13129042.fastq.gz.fasta.fastq/summary.txt  
  inflating: SRR13129042.fastq.gz.fasta.fastq/Images/per_base_quality.png  
  inflating: SRR13129042.fastq.gz.fasta.fastq/Images/per_sequence_quality.png  
  inflating: SRR13129042.fastq.gz.fasta.fastq/Images/per_base_sequence_content.png  
  inflating: SRR13129042.fastq.gz.fasta.fastq/Images/per_sequence_gc_content.png  
  inflating: SRR13129042.fastq.gz.fasta.fastq/Images/per_base_n_content.png  
  inflating: SRR13129042.fastq.gz.fasta.fastq/Images/sequence_length_distribution.png  
  inflating: SRR13129042.fastq.gz.fasta.fastq/Images/duplication_levels.png  
  inflating: SRR13129042.fastq.gz.fasta.fastq/Images/adapter_content.png  
  inflating: SRR13129042.fastq.gz.fasta.fastq/Images/kmer_profiles.png  
  inflating: SRR13129042.fastq.gz.fasta.fastq/fastqc_report.html  
  inflating: SRR13129042.fastq.gz.fasta.fastq/fastqc_data.txt  
  inflating: SRR13129042.fastq.gz.fasta.fastq/fastqc.fo  
Mapping against miRNAs
Extract unmapped reads from bam file /share/de/GSE_61499e7f44c21/SRR13129042-mirna.bam
Convert bam file /share/de/GSE_61499e7f44c21/SRR13129042-mirna_unmapped.bam to fastq file
Mapping the rest of the reads of sample SRR13129042 against other sRNAs
Extract unmapped reads from bam file /share/de/GSE_61499e7f44c21/SRR13129042-srna.bam
Convert the bam file of the unmapped reads of sample SRR13129042 to fasta
Mapping against the reference genome and extract the unmapped reads to study the contamination
Exract unmapped reads
Convert the bam file of the unmapped reads mapped to the genome of sample SRR13129042 to fasta
Running kraken package for sample SRR13129042
EDITOR                  vi
ENVIRONMENT             BATCH
HOME                    /home/oasis
HOSTNAME                dzne-goe-cn1
LC_ALL                  en_US.UTF-8
LC_CTYPE                en_US.UTF-8
LD_LIBRARY_PATH         /home/bonnlab/bin/programs/R/R-3.4.0/lib64/R/lib:/home/bonnlab/bin/programs/R/zlib/1.2.8/lib:/home/bonnlab/bin/programs/R/bzip/1.0.6/lib:/home/bonnlab/bin/programs/R/liblzma/5.2.2/lib:/home/bonnlab/bin/programs/R/pcre/8.35/lib:/home/bonnlab/bin/programs/R/curl/7.47.1/lib:/opt/jdk1.8.0_121/jre/lib/amd64/server:/home/vsac/programs/Python-2.7.5/lib:/home/vsac/pipelines2/programs/gcc-4.8.2/lib64
LN_S                    ln -s
LOGNAME                 oasis
MAKE                    make
NGSPLOT                 /home/vsac/programs/ngsplot
PAGER                   /usr/bin/less
PATH                    /home/vsac/pipelines2:/home/bonnlab/programs/R/bin:/home/vsac/programs/cutadapt-1.8.1/bin:/software/bin:/home/vsac/programs/homer/bin:/home/vsac/programs/ViennaRNA-2.1.8/bin:/home/vsac/programs/squid-1.9g/bin:/home/vsac/programs/mirdeep2:/home/vsac/programs/fastx_toolkit/bin:/home/vsac/programs/bin:/home/vsac/pipelines2/programs/bin:/home/vsac/pipelines2/programs/fastQValidator/bin:/home/vsac/pipelines2/programs/parallel/bin:/home/vsac/pipelines2/programs/MACS2/bin:/home/vsac/pipelines2/programs/ngsplot/bin:/home/vsac/pipelines2/programs/bedtools2/bin:/home/vsac/pipelines2/programs/tophat:/home/vsac/pipelines2/programs/bowtie2:/home/vsac/pipelines2/programs/FastQC:/home/vsac/pipelines2/programs/HTSeq/bin:/home/vsac/pipelines2/programs/samtools:/home/vsac/pipelines2/programs/seqimp/bin:/home/vsac/pipelines2/programs/STAR:/home/vsac/pipelines2/programs/cufflinks:/home/vsac/pipelines2/programs/R/bin:/home/vsac/pipelines2/programs/Python/bin:/home/vsac/pipelines2/programs/gcc/bin:/home/vsac/pipelines2/programs/R/bin:/home/vsac/programs/bedtools/bin:/home/vsac/programs/ngsplot/bin:/home/vsac/programs/meme/bin:/home/vsac/programs/weblogo:/home/vsac/programs:/home/vsac/programs/py-vsac/bin:/home/vsac/programs/sratoolkit/bin:/home/vsac/programs/blast/bin:/home/vsac/programs/fastqc/:/home/vsac/programs/bowtie:/home/vsac/programs/R/bin:/home/vsac/programs/bwa:/home/vsac/programs/tophat:/home/vsac/programs/picard:/home/vsac/programs/cufflinks:/home/vsac/pipelines2/programs/bowtie:/home/vsac/pipelines2/programs/mirdeep2:/home/vsac/bin:/usr/lib64/qt-3.3/bin:/usr/local/bin:/bin:/usr/bin:/usr/local/sbin:/usr/sbin:/sbin:/usr/local/bin:/home/vsac/pipelines2/kraken:/home/vsac/pipelines2/programs/DNApi-master:/home/vsac/pipelines2/programs/Python-3.5/bin:/home/vsac/pipelines2/dos2unix-7.1:/usr/local/bin
PATH_TO_BIN             /home/vsac/pipelines2
PATH_TO_DATABASE        /home/vsac/database2
PERL5LIB                :/home/vsac/programs/ensembl_modules/bioperl-1.2.3:/home/vsac/programs/ensembl_modules/ensembl/modules:/home/vsac/programs/ensembl_modules/ensembl-compara/modules:/home/vsac/programs/ensembl_modules/ensembl-variation/modules:/home/vsac/programs/ensembl_modules/ensembl-functgenomics/modules:/home/vsac/programs/homer/bin:/home/vsac/pipelines2/programs/bin:/home/vsac/programs/ensembl_modules/bioperl-1.2.3:/home/vsac/programs/ensembl_modules/ensembl/modules:/home/vsac/programs/ensembl_modules/ensembl-compara/modules:/home/vsac/programs/ensembl_modules/ensembl-variation/modules:/home/vsac/programs/ensembl_modules/ensembl-functgenomics/modules:/home/vsac/programs/homer/bin:/home/vsac/pipelines2/programs/bin:/home/vsac/programs/ensembl_modules/bioperl-1.2.3:/home/vsac/programs/ensembl_modules/ensembl/modules:/home/vsac/programs/ensembl_modules/ensembl-compara/modules:/home/vsac/programs/ensembl_modules/ensembl-variation/modules:/home/vsac/programs/ensembl_modules/ensembl-functgenomics/modules:/home/vsac/programs/homer/bin:/home/vsac/pipelines2/programs/bin
PWD                     /share/de/GSE_61499e7f44c21/GSE_61499e7f44c21/SRR13129042/QC/trim_nofilt
PYTHONPATH              /home/vsac/pipelines2/programs/HTSeq/lib/python2.7/site-packages:/home/vsac/pipelines2/programs/MACS2/lib/python2.7/site-packages:/home/vsac/pipelines2/programs/Python/lib/python2.7/site-packages
R_ARCH                  
R_BROWSER               /usr/bin/firefox
R_BZIPCMD               /home/bonnlab/bin/programs/R/bzip/1.0.6/bin/bzip2
R_DEFAULT_PACKAGES      datasets,utils,grDevices,graphics,stats
R_DOC_DIR               /home/bonnlab/bin/programs/R/R-3.4.0/lib64/R/doc
R_GZIPCMD               /bin/gzip
R_HOME                  /home/bonnlab/bin/programs/R/R-3.4.0/lib64/R
R_INCLUDE_DIR           /home/bonnlab/bin/programs/R/R-3.4.0/lib64/R/include
R_LIBS_SITE             
R_LIBS_USER             ~/R/x86_64-pc-linux-gnu-library/3.4
ROOT                    /share/de
R_PAPERSIZE             a4
R_PDFVIEWER             /usr/bin/xdg-open
R_PLATFORM              x86_64-pc-linux-gnu
R_PRINTCMD              lpr
R_RD4PDF                times,hyper
R_SESSION_TMPDIR        /tmp/RtmpZPgKF1
R_SHARE_DIR             /home/bonnlab/bin/programs/R/R-3.4.0/lib64/R/share
R_SYSTEM_ABI            linux,gcc,gxx,gfortran,?
R_TEXI2DVICMD           /usr/bin/texi2dvi
R_UNZIPCMD              /usr/bin/unzip
R_ZIPCMD                /usr/bin/zip
SBATCH_CPU_BIND         quiet,mask_cpu:0x00C300C3
SBATCH_CPU_BIND_LIST    0x00C300C3
SBATCH_CPU_BIND_TYPE    mask_cpu:
SBATCH_CPU_BIND_VERBOSE
                        quiet
SED                     /bin/sed
SHELL                   /bin/sh
SHLVL                   5
SLURM_CHECKPOINT_IMAGE_DIR
                        /home/oasis
SLURM_CLUSTER_NAME      cluster
SLURM_CPUS_ON_NODE      8
SLURM_CPUS_PER_TASK     8
SLURMD_NODENAME         dzne-goe-cn1
SLURM_GTIDS             0
SLURM_JOB_CPUS_PER_NODE
                        8
SLURM_JOB_DEPENDENCY    afterok:45801
SLURM_JOBID             45810
SLURM_JOB_ID            45810
SLURM_JOB_NAME          smallrnapipeline
SLURM_JOB_NODELIST      dzne-goe-cn1
SLURM_JOB_NUM_NODES     1
SLURM_JOB_PARTITION     small
SLURM_JOB_UID           516
SLURM_JOB_USER          oasis
SLURM_LOCALID           0
SLURM_MEM_PER_CPU       2048
SLURM_NNODES            1
SLURM_NODE_ALIASES      (null)
SLURM_NODEID            0
SLURM_NODELIST          dzne-goe-cn1
SLURM_PRIO_PROCESS      0
SLURM_PROCID            0
SLURM_SUBMIT_DIR        /home/oasis
SLURM_SUBMIT_HOST       dzne-goe-cn1
SLURM_TASK_PID          20256
SLURM_TASKS_PER_NODE    1
SLURM_TOPOLOGY_ADDR     dzne-goe-cn1
SLURM_TOPOLOGY_ADDR_PATTERN
                        node
SVN_EDITOR              /bin/vim
TAR                     /bin/gtar
TMP                     /tmp/
TMPDIR                  /tmp
USER                    oasis
WEB                     /web/de
Ending kraken package for sample SRR13129042
Mapping the rest of the reads to the other mirna genomes
Counting the contamination by other genomes for the sample SRR13129042
Create count file
Adding mirna to the count file /share/de/GSE_61499e7f44c21/GSE_61499e7f44c21/SRR13129042/SRR13129042_allspeciesCounts.txt
Adding pirna to the count file /share/de/GSE_61499e7f44c21/GSE_61499e7f44c21/SRR13129042/SRR13129042_allspeciesCounts.txt
Adding snorna to the count file /share/de/GSE_61499e7f44c21/GSE_61499e7f44c21/SRR13129042/SRR13129042_allspeciesCounts.txt
Adding snrna to the count file /share/de/GSE_61499e7f44c21/GSE_61499e7f44c21/SRR13129042/SRR13129042_allspeciesCounts.txt
Adding rrna to the count file /share/de/GSE_61499e7f44c21/GSE_61499e7f44c21/SRR13129042/SRR13129042_allspeciesCounts.txt
/share/de/GSE_61499e7f44c21/GSE_61499e7f44c21/SRR13129042/SRR13129042-smallrnaOutput/mapping/SRR13129042-Log.final.out
NUMER_READS:4501226
UNIQUE_MAPPED_READS=212880
MULTIPLE_MAPPED_READS=46880
[1] "/share/de/GSE_61499e7f44c21/GSE_61499e7f44c21/SRR13129042/Sample_readsR.log"
[1] "/share/de/GSE_61499e7f44c21/GSE_61499e7f44c21/SRR13129042/Sample_smallrnaR.log"
[1] "/share/de/GSE_61499e7f44c21/GSE_61499e7f44c21/SRR13129042/Sample_trimR.log"
[1] "/share/de/GSE_61499e7f44c21/GSE_61499e7f44c21/SRR13129042/Sample_starR.log"
[1] "numberReads"
[1] "trim"
[1] "map"
[1] "smallRNA"
Sample SRR13129042 finished with no errors
