mv: cannot stat `/share/de/GSE_61499e7f44c21/GSE_61499e7f44c21/*/*': No such file or directory
ls: cannot access /share/de/GSE_61499e7f44c21/GSE_61499e7f44c21/*/: No such file or directory
rm: missing operand
Try `rm --help' for more information.
Started analysis of SRR13129041.fastq.gz.fasta.fastq
Approx 5% complete for SRR13129041.fastq.gz.fasta.fastq
Approx 10% complete for SRR13129041.fastq.gz.fasta.fastq
Approx 15% complete for SRR13129041.fastq.gz.fasta.fastq
Approx 20% complete for SRR13129041.fastq.gz.fasta.fastq
Approx 25% complete for SRR13129041.fastq.gz.fasta.fastq
Approx 30% complete for SRR13129041.fastq.gz.fasta.fastq
Approx 35% complete for SRR13129041.fastq.gz.fasta.fastq
Approx 40% complete for SRR13129041.fastq.gz.fasta.fastq
Approx 45% complete for SRR13129041.fastq.gz.fasta.fastq
Approx 50% complete for SRR13129041.fastq.gz.fasta.fastq
Approx 55% complete for SRR13129041.fastq.gz.fasta.fastq
Approx 60% complete for SRR13129041.fastq.gz.fasta.fastq
Approx 65% complete for SRR13129041.fastq.gz.fasta.fastq
Approx 70% complete for SRR13129041.fastq.gz.fasta.fastq
Approx 75% complete for SRR13129041.fastq.gz.fasta.fastq
Approx 80% complete for SRR13129041.fastq.gz.fasta.fastq
Approx 85% complete for SRR13129041.fastq.gz.fasta.fastq
Approx 90% complete for SRR13129041.fastq.gz.fasta.fastq
Approx 95% complete for SRR13129041.fastq.gz.fasta.fastq
Started analysis of SRR13129038.fastq.gz.fasta.fastq
Approx 5% complete for SRR13129038.fastq.gz.fasta.fastq
Approx 10% complete for SRR13129038.fastq.gz.fasta.fastq
Approx 15% complete for SRR13129038.fastq.gz.fasta.fastq
Approx 20% complete for SRR13129038.fastq.gz.fasta.fastq
Approx 25% complete for SRR13129038.fastq.gz.fasta.fastq
Approx 30% complete for SRR13129038.fastq.gz.fasta.fastq
Approx 35% complete for SRR13129038.fastq.gz.fasta.fastq
Approx 40% complete for SRR13129038.fastq.gz.fasta.fastq
Approx 45% complete for SRR13129038.fastq.gz.fasta.fastq
Approx 50% complete for SRR13129038.fastq.gz.fasta.fastq
Approx 55% complete for SRR13129038.fastq.gz.fasta.fastq
Approx 60% complete for SRR13129038.fastq.gz.fasta.fastq
Approx 65% complete for SRR13129038.fastq.gz.fasta.fastq
Approx 70% complete for SRR13129038.fastq.gz.fasta.fastq
Approx 75% complete for SRR13129038.fastq.gz.fasta.fastq
Approx 80% complete for SRR13129038.fastq.gz.fasta.fastq
Approx 85% complete for SRR13129038.fastq.gz.fasta.fastq
Approx 90% complete for SRR13129038.fastq.gz.fasta.fastq
Approx 95% complete for SRR13129038.fastq.gz.fasta.fastq
Started analysis of SRR13129039.fastq.gz.fasta.fastq
Approx 5% complete for SRR13129039.fastq.gz.fasta.fastq
Approx 10% complete for SRR13129039.fastq.gz.fasta.fastq
Approx 15% complete for SRR13129039.fastq.gz.fasta.fastq
Approx 20% complete for SRR13129039.fastq.gz.fasta.fastq
Approx 25% complete for SRR13129039.fastq.gz.fasta.fastq
Approx 30% complete for SRR13129039.fastq.gz.fasta.fastq
Approx 35% complete for SRR13129039.fastq.gz.fasta.fastq
Approx 40% complete for SRR13129039.fastq.gz.fasta.fastq
Approx 45% complete for SRR13129039.fastq.gz.fasta.fastq
Approx 50% complete for SRR13129039.fastq.gz.fasta.fastq
Approx 55% complete for SRR13129039.fastq.gz.fasta.fastq
Approx 60% complete for SRR13129039.fastq.gz.fasta.fastq
Approx 65% complete for SRR13129039.fastq.gz.fasta.fastq
Approx 70% complete for SRR13129039.fastq.gz.fasta.fastq
Approx 75% complete for SRR13129039.fastq.gz.fasta.fastq
Approx 80% complete for SRR13129039.fastq.gz.fasta.fastq
Approx 85% complete for SRR13129039.fastq.gz.fasta.fastq
Approx 90% complete for SRR13129039.fastq.gz.fasta.fastq
Approx 95% complete for SRR13129039.fastq.gz.fasta.fastq
Started analysis of SRR13129043.fastq.gz.fasta.fastq
Approx 5% complete for SRR13129043.fastq.gz.fasta.fastq
Approx 10% complete for SRR13129043.fastq.gz.fasta.fastq
Approx 15% complete for SRR13129043.fastq.gz.fasta.fastq
Approx 20% complete for SRR13129043.fastq.gz.fasta.fastq
Approx 25% complete for SRR13129043.fastq.gz.fasta.fastq
Approx 30% complete for SRR13129043.fastq.gz.fasta.fastq
Approx 35% complete for SRR13129043.fastq.gz.fasta.fastq
Approx 40% complete for SRR13129043.fastq.gz.fasta.fastq
Approx 45% complete for SRR13129043.fastq.gz.fasta.fastq
Approx 50% complete for SRR13129043.fastq.gz.fasta.fastq
Approx 55% complete for SRR13129043.fastq.gz.fasta.fastq
Approx 60% complete for SRR13129043.fastq.gz.fasta.fastq
Approx 65% complete for SRR13129043.fastq.gz.fasta.fastq
Approx 70% complete for SRR13129043.fastq.gz.fasta.fastq
Approx 75% complete for SRR13129043.fastq.gz.fasta.fastq
Approx 80% complete for SRR13129043.fastq.gz.fasta.fastq
Approx 85% complete for SRR13129043.fastq.gz.fasta.fastq
Approx 90% complete for SRR13129043.fastq.gz.fasta.fastq
Approx 95% complete for SRR13129043.fastq.gz.fasta.fastq
Started analysis of SRR13129036.fastq.gz.fasta.fastq
Approx 5% complete for SRR13129036.fastq.gz.fasta.fastq
Approx 10% complete for SRR13129036.fastq.gz.fasta.fastq
Approx 15% complete for SRR13129036.fastq.gz.fasta.fastq
Approx 20% complete for SRR13129036.fastq.gz.fasta.fastq
Approx 25% complete for SRR13129036.fastq.gz.fasta.fastq
Approx 30% complete for SRR13129036.fastq.gz.fasta.fastq
Approx 35% complete for SRR13129036.fastq.gz.fasta.fastq
Approx 40% complete for SRR13129036.fastq.gz.fasta.fastq
Approx 45% complete for SRR13129036.fastq.gz.fasta.fastq
Approx 50% complete for SRR13129036.fastq.gz.fasta.fastq
Approx 55% complete for SRR13129036.fastq.gz.fasta.fastq
Approx 60% complete for SRR13129036.fastq.gz.fasta.fastq
Approx 65% complete for SRR13129036.fastq.gz.fasta.fastq
Approx 70% complete for SRR13129036.fastq.gz.fasta.fastq
Approx 75% complete for SRR13129036.fastq.gz.fasta.fastq
Approx 80% complete for SRR13129036.fastq.gz.fasta.fastq
Approx 85% complete for SRR13129036.fastq.gz.fasta.fastq
Approx 90% complete for SRR13129036.fastq.gz.fasta.fastq
Approx 95% complete for SRR13129036.fastq.gz.fasta.fastq
Approx 100% complete for SRR13129036.fastq.gz.fasta.fastq
Started analysis of SRR13129040.fastq.gz.fasta.fastq
Approx 5% complete for SRR13129040.fastq.gz.fasta.fastq
Approx 10% complete for SRR13129040.fastq.gz.fasta.fastq
Approx 15% complete for SRR13129040.fastq.gz.fasta.fastq
Approx 20% complete for SRR13129040.fastq.gz.fasta.fastq
Approx 25% complete for SRR13129040.fastq.gz.fasta.fastq
Approx 30% complete for SRR13129040.fastq.gz.fasta.fastq
Approx 35% complete for SRR13129040.fastq.gz.fasta.fastq
Approx 40% complete for SRR13129040.fastq.gz.fasta.fastq
Approx 45% complete for SRR13129040.fastq.gz.fasta.fastq
Approx 50% complete for SRR13129040.fastq.gz.fasta.fastq
Approx 55% complete for SRR13129040.fastq.gz.fasta.fastq
Approx 60% complete for SRR13129040.fastq.gz.fasta.fastq
Approx 65% complete for SRR13129040.fastq.gz.fasta.fastq
Approx 70% complete for SRR13129040.fastq.gz.fasta.fastq
Approx 75% complete for SRR13129040.fastq.gz.fasta.fastq
Approx 80% complete for SRR13129040.fastq.gz.fasta.fastq
Approx 85% complete for SRR13129040.fastq.gz.fasta.fastq
Approx 90% complete for SRR13129040.fastq.gz.fasta.fastq
Approx 95% complete for SRR13129040.fastq.gz.fasta.fastq
Started analysis of SRR13129042.fastq.gz.fasta.fastq
Approx 5% complete for SRR13129042.fastq.gz.fasta.fastq
Approx 10% complete for SRR13129042.fastq.gz.fasta.fastq
Approx 15% complete for SRR13129042.fastq.gz.fasta.fastq
Approx 20% complete for SRR13129042.fastq.gz.fasta.fastq
Approx 25% complete for SRR13129042.fastq.gz.fasta.fastq
Approx 30% complete for SRR13129042.fastq.gz.fasta.fastq
Approx 35% complete for SRR13129042.fastq.gz.fasta.fastq
Approx 40% complete for SRR13129042.fastq.gz.fasta.fastq
Approx 45% complete for SRR13129042.fastq.gz.fasta.fastq
Approx 50% complete for SRR13129042.fastq.gz.fasta.fastq
Approx 55% complete for SRR13129042.fastq.gz.fasta.fastq
Approx 60% complete for SRR13129042.fastq.gz.fasta.fastq
Approx 65% complete for SRR13129042.fastq.gz.fasta.fastq
Approx 70% complete for SRR13129042.fastq.gz.fasta.fastq
Approx 75% complete for SRR13129042.fastq.gz.fasta.fastq
Approx 80% complete for SRR13129042.fastq.gz.fasta.fastq
Approx 85% complete for SRR13129042.fastq.gz.fasta.fastq
Approx 90% complete for SRR13129042.fastq.gz.fasta.fastq
Approx 95% complete for SRR13129042.fastq.gz.fasta.fastq
Started analysis of SRR13129037.fastq.gz.fasta.fastq
Approx 5% complete for SRR13129037.fastq.gz.fasta.fastq
Approx 10% complete for SRR13129037.fastq.gz.fasta.fastq
Approx 15% complete for SRR13129037.fastq.gz.fasta.fastq
Approx 20% complete for SRR13129037.fastq.gz.fasta.fastq
Approx 25% complete for SRR13129037.fastq.gz.fasta.fastq
Approx 30% complete for SRR13129037.fastq.gz.fasta.fastq
Approx 35% complete for SRR13129037.fastq.gz.fasta.fastq
Approx 40% complete for SRR13129037.fastq.gz.fasta.fastq
Approx 45% complete for SRR13129037.fastq.gz.fasta.fastq
Approx 50% complete for SRR13129037.fastq.gz.fasta.fastq
Approx 55% complete for SRR13129037.fastq.gz.fasta.fastq
Approx 60% complete for SRR13129037.fastq.gz.fasta.fastq
Approx 65% complete for SRR13129037.fastq.gz.fasta.fastq
Approx 70% complete for SRR13129037.fastq.gz.fasta.fastq
Approx 75% complete for SRR13129037.fastq.gz.fasta.fastq
Approx 80% complete for SRR13129037.fastq.gz.fasta.fastq
Approx 85% complete for SRR13129037.fastq.gz.fasta.fastq
Approx 90% complete for SRR13129037.fastq.gz.fasta.fastq
Approx 95% complete for SRR13129037.fastq.gz.fasta.fastq
cp: cannot create regular file `/web/de/GSE_61499e7f44c21/GSE_61499e7f44c21.zip': Permission denied
Cannot copy '/share/de/GSE_61499e7f44c21' to /web/de
