This is cutadapt 3.4 with Python 3.8.10
Command line parameters: -a TGGAATTCTCGGGTGCCAAGG -e 0.05 --minimum-length=18 --max-n=1 --cores=16 ../raw/SRR13129036.fastq.gz
Processing reads on 16 cores in single-end mode ...
Finished in 288.20 s (4 µs/read; 16.62 M reads/minute).

=== Summary ===

Total reads processed:              79,838,852
Reads with adapters:                76,227,001 (95.5%)
Reads that were too short:              32,222 (0.0%)
Reads with too many N:                   3,305 (0.0%)
Reads written (passing filters):    79,803,325 (100.0%)

Total basepairs processed: 4,071,781,452 bp
Total written (filtered):  3,009,080,876 bp (73.9%)

=== Adapter 1 ===

Sequence: TGGAATTCTCGGGTGCCAAGG; Type: regular 3'; Length: 21; Trimmed: 76227001 times

No. of allowed errors:
1-19 bp: 0; 20-21 bp: 1

Bases preceding removed adapters:
  A: 14.3%
  C: 49.9%
  G: 20.1%
  T: 15.7%
  none/other: 0.0%

Overview of removed sequences
length	count	expect	max.err	error counts
3	234127	1247482.1	0	234127
4	271669	311870.5	0	271669
5	347895	77967.6	0	347895
6	533293	19491.9	0	533293
7	861192	4873.0	0	861192
8	1241414	1218.2	0	1241414
9	1931727	304.6	0	1931727
10	3232132	76.1	0	3232132
11	3896486	19.0	0	3896486
12	5548861	4.8	0	5548861
13	9266752	1.2	0	9266752
14	19531220	0.3	0	19531220
15	15683139	0.1	0	15683139
16	5325284	0.0	0	5325284
17	2327441	0.0	0	2327441
18	1383563	0.0	0	1383563
19	1008718	0.0	0	967809 40909
20	838404	0.0	1	786610 51794
21	763247	0.0	1	713836 49411
22	523410	0.0	1	487370 36040
23	369167	0.0	1	341764 27403
24	281814	0.0	1	258206 23608
25	237455	0.0	1	217871 19584
26	170654	0.0	1	155144 15510
27	110661	0.0	1	100182 10479
28	83189	0.0	1	75745 7444
29	72948	0.0	1	66488 6460
30	46970	0.0	1	42850 4120
31	32576	0.0	1	29846 2730
32	23318	0.0	1	21311 2007
33	16053	0.0	1	14782 1271
34	8476	0.0	1	7800 676
35	4383	0.0	1	4024 359
36	1962	0.0	1	1765 197
37	3686	0.0	1	3390 296
38	2993	0.0	1	2765 228
39	582	0.0	1	536 46
40	565	0.0	1	522 43
41	255	0.0	1	232 23
42	759	0.0	1	698 61
43	8303	0.0	1	7596 707
44	200	0.0	1	171 29
45	25	0.0	1	22 3
46	8	0.0	1	7 1
47	4	0.0	1	4
48	6	0.0	1	6
49	1	0.0	1	1
50	5	0.0	1	5
51	9	0.0	1	8 1
