This is cutadapt 3.4 with Python 3.8.10
Command line parameters: -a TGGAATTCTCGGGTGCCAAGG -e 0.05 --minimum-length=18 --max-n=1 --cores=16 ../raw/SRR13129038.fastq.gz
Processing reads on 16 cores in single-end mode ...
Finished in 116.56 s (4 µs/read; 16.39 M reads/minute).

=== Summary ===

Total reads processed:              31,830,686
Reads with adapters:                30,491,170 (95.8%)
Reads that were too short:              63,245 (0.2%)
Reads with too many N:                   1,182 (0.0%)
Reads written (passing filters):    31,766,259 (99.8%)

Total basepairs processed: 1,623,364,986 bp
Total written (filtered):  1,144,928,491 bp (70.5%)

=== Adapter 1 ===

Sequence: TGGAATTCTCGGGTGCCAAGG; Type: regular 3'; Length: 21; Trimmed: 30491170 times

No. of allowed errors:
1-19 bp: 0; 20-21 bp: 1

Bases preceding removed adapters:
  A: 13.5%
  C: 50.4%
  G: 21.3%
  T: 14.8%
  none/other: 0.0%

Overview of removed sequences
length	count	expect	max.err	error counts
3	112295	497354.5	0	112295
4	104685	124338.6	0	104685
5	127677	31084.7	0	127677
6	183376	7771.2	0	183376
7	285362	1942.8	0	285362
8	395841	485.7	0	395841
9	587756	121.4	0	587756
10	1200685	30.4	0	1200685
11	1497407	7.6	0	1497407
12	1797840	1.9	0	1797840
13	2945916	0.5	0	2945916
14	5612383	0.1	0	5612383
15	5492666	0.0	0	5492666
16	2134577	0.0	0	2134577
17	1115230	0.0	0	1115230
18	801152	0.0	0	801152
19	581892	0.0	0	566761 15131
20	563630	0.0	1	534496 29134
21	706020	0.0	1	668594 37426
22	571059	0.0	1	539915 31144
23	493863	0.0	1	466239 27624
24	488863	0.0	1	458443 30420
25	538985	0.0	1	507686 31299
26	474221	0.0	1	446081 28140
27	399567	0.0	1	374539 25028
28	340963	0.0	1	321708 19255
29	345480	0.0	1	325895 19585
30	214615	0.0	1	201322 13293
31	151067	0.0	1	141221 9846
32	102287	0.0	1	94888 7399
33	60565	0.0	1	56071 4494
34	28113	0.0	1	25870 2243
35	11905	0.0	1	10844 1061
36	4247	0.0	1	3833 414
37	4630	0.0	1	4278 352
38	3419	0.0	1	3164 255
39	1222	0.0	1	1146 76
40	848	0.0	1	809 39
41	698	0.0	1	636 62
42	1220	0.0	1	1145 75
43	6707	0.0	1	6276 431
44	166	0.0	1	145 21
45	25	0.0	1	21 4
46	13	0.0	1	12 1
47	6	0.0	1	6
48	5	0.0	1	4 1
49	5	0.0	1	3 2
50	9	0.0	1	6 3
51	7	0.0	1	4 3
