This is cutadapt 3.4 with Python 3.8.10
Command line parameters: -a TGGAATTCTCGGGTGCCAAGG -e 0.05 --minimum-length=18 --max-n=1 --cores=16 ../raw/SRR13129037.fastq.gz
Processing reads on 16 cores in single-end mode ...
Finished in 168.11 s (3 µs/read; 18.12 M reads/minute).

=== Summary ===

Total reads processed:              50,769,758
Reads with adapters:                48,340,132 (95.2%)
Reads that were too short:              63,045 (0.1%)
Reads with too many N:                   2,019 (0.0%)
Reads written (passing filters):    50,704,694 (99.9%)

Total basepairs processed: 2,589,257,658 bp
Total written (filtered):  1,878,791,042 bp (72.6%)

=== Adapter 1 ===

Sequence: TGGAATTCTCGGGTGCCAAGG; Type: regular 3'; Length: 21; Trimmed: 48340132 times

No. of allowed errors:
1-19 bp: 0; 20-21 bp: 1

Bases preceding removed adapters:
  A: 15.2%
  C: 46.8%
  G: 20.4%
  T: 17.6%
  none/other: 0.0%

Overview of removed sequences
length	count	expect	max.err	error counts
3	52984	793277.5	0	52984
4	57919	198319.4	0	57919
5	76822	49579.8	0	76822
6	131922	12395.0	0	131922
7	198839	3098.7	0	198839
8	307688	774.7	0	307688
9	632831	193.7	0	632831
10	1163854	48.4	0	1163854
11	1681120	12.1	0	1681120
12	2691288	3.0	0	2691288
13	5759430	0.8	0	5759430
14	13209611	0.2	0	13209611
15	12244507	0.0	0	12244507
16	3833282	0.0	0	3833282
17	1506603	0.0	0	1506603
18	926672	0.0	0	926672
19	657660	0.0	0	634941 22719
20	586493	0.0	1	549156 37337
21	587518	0.0	1	545412 42106
22	399017	0.0	1	368813 30204
23	301869	0.0	1	277103 24766
24	257933	0.0	1	233804 24129
25	231991	0.0	1	210509 21482
26	169442	0.0	1	152643 16799
27	131855	0.0	1	118546 13309
28	111479	0.0	1	100942 10537
29	129849	0.0	1	117978 11871
30	80490	0.0	1	73306 7184
31	63718	0.0	1	58327 5391
32	51743	0.0	1	47220 4523
33	40658	0.0	1	37261 3397
34	22629	0.0	1	20648 1981
35	10997	0.0	1	9994 1003
36	5094	0.0	1	4563 531
37	7684	0.0	1	7012 672
38	5924	0.0	1	5472 452
39	852	0.0	1	776 76
40	976	0.0	1	881 95
41	524	0.0	1	479 45
42	1495	0.0	1	1366 129
43	6635	0.0	1	6134 501
44	167	0.0	1	146 21
45	34	0.0	1	29 5
46	4	0.0	1	3 1
47	7	0.0	1	6 1
48	3	0.0	1	2 1
49	3	0.0	1	3
50	11	0.0	1	10 1
51	6	0.0	1	4 2
