This is cutadapt 3.4 with Python 3.8.10
Command line parameters: -a TGGAATTCTCGGGTGCCAAGG -e 0.05 --minimum-length=18 --max-n=1 --cores=16 ../raw/SRR13129041.fastq.gz
Processing reads on 16 cores in single-end mode ...
Finished in 139.22 s (3 µs/read; 19.48 M reads/minute).

=== Summary ===

Total reads processed:              45,204,470
Reads with adapters:                43,393,683 (96.0%)
Reads that were too short:              12,096 (0.0%)
Reads with too many N:                   1,973 (0.0%)
Reads written (passing filters):    45,190,401 (100.0%)

Total basepairs processed: 2,305,427,970 bp
Total written (filtered):  1,626,293,218 bp (70.5%)

=== Adapter 1 ===

Sequence: TGGAATTCTCGGGTGCCAAGG; Type: regular 3'; Length: 21; Trimmed: 43393683 times

No. of allowed errors:
1-19 bp: 0; 20-21 bp: 1

Bases preceding removed adapters:
  A: 12.6%
  C: 54.1%
  G: 18.3%
  T: 15.1%
  none/other: 0.0%

Overview of removed sequences
length	count	expect	max.err	error counts
3	49583	706319.8	0	49583
4	47005	176580.0	0	47005
5	63177	44145.0	0	63177
6	119675	11036.2	0	119675
7	172897	2759.1	0	172897
8	243952	689.8	0	243952
9	352896	172.4	0	352896
10	680546	43.1	0	680546
11	1168477	10.8	0	1168477
12	1733315	2.7	0	1733315
13	4225803	0.7	0	4225803
14	9953392	0.2	0	9953392
15	10296274	0.0	0	10296274
16	3735737	0.0	0	3735737
17	1558627	0.0	0	1558627
18	1159814	0.0	0	1159814
19	1073583	0.0	0	1056241 17342
20	1202483	0.0	1	1144949 57534
21	1604199	0.0	1	1518142 86057
22	1007909	0.0	1	951475 56434
23	740744	0.0	1	696875 43869
24	588658	0.0	1	548712 39946
25	542926	0.0	1	507414 35512
26	361330	0.0	1	335927 25403
27	232187	0.0	1	214278 17909
28	157721	0.0	1	145997 11724
29	146931	0.0	1	135454 11477
30	74753	0.0	1	68544 6209
31	43875	0.0	1	40265 3610
32	28140	0.0	1	25775 2365
33	14978	0.0	1	13740 1238
34	6687	0.0	1	6198 489
35	2027	0.0	1	1853 174
36	469	0.0	1	425 44
37	149	0.0	1	133 16
38	48	0.0	1	46 2
39	12	0.0	1	11 1
40	26	0.0	1	25 1
41	57	0.0	1	53 4
42	134	0.0	1	118 16
43	2400	0.0	1	2245 155
44	57	0.0	1	55 2
45	16	0.0	1	16
46	4	0.0	1	3 1
47	8	0.0	1	7 1
48	2	0.0	1	2
