This is cutadapt 3.4 with Python 3.8.10
Command line parameters: -a TGGAATTCTCGGGTGCCAAGG -e 0.05 --minimum-length=18 --max-n=1 --cores=16 ../raw/SRR13129042.fastq.gz
Processing reads on 16 cores in single-end mode ...
Finished in 130.72 s (3 µs/read; 18.86 M reads/minute).

=== Summary ===

Total reads processed:              41,085,179
Reads with adapters:                38,917,955 (94.7%)
Reads that were too short:              17,509 (0.0%)
Reads with too many N:                   1,826 (0.0%)
Reads written (passing filters):    41,065,844 (100.0%)

Total basepairs processed: 2,095,344,129 bp
Total written (filtered):  1,528,794,794 bp (73.0%)

=== Adapter 1 ===

Sequence: TGGAATTCTCGGGTGCCAAGG; Type: regular 3'; Length: 21; Trimmed: 38917955 times

No. of allowed errors:
1-19 bp: 0; 20-21 bp: 1

Bases preceding removed adapters:
  A: 13.2%
  C: 53.3%
  G: 18.7%
  T: 14.8%
  none/other: 0.0%

Overview of removed sequences
length	count	expect	max.err	error counts
3	77567	641955.9	0	77567
4	57673	160489.0	0	57673
5	65816	40122.2	0	65816
6	138517	10030.6	0	138517
7	185017	2507.6	0	185017
8	263087	626.9	0	263087
9	422491	156.7	0	422491
10	721759	39.2	0	721759
11	1257987	9.8	0	1257987
12	2472005	2.4	0	2472005
13	5842281	0.6	0	5842281
14	9967543	0.2	0	9967543
15	9652748	0.0	0	9652748
16	3078514	0.0	0	3078514
17	908045	0.0	0	908045
18	592967	0.0	0	592967
19	532184	0.0	0	511060 21124
20	576147	0.0	1	539684 36463
21	743672	0.0	1	694789 48883
22	376209	0.0	1	349875 26334
23	238160	0.0	1	219742 18418
24	174439	0.0	1	158826 15613
25	157298	0.0	1	142655 14643
26	102558	0.0	1	92269 10289
27	70032	0.0	1	62716 7316
28	55347	0.0	1	49753 5594
29	73493	0.0	1	66149 7344
30	38160	0.0	1	34443 3717
31	26717	0.0	1	24198 2519
32	20091	0.0	1	18216 1875
33	11922	0.0	1	10868 1054
34	5789	0.0	1	5301 488
35	1812	0.0	1	1653 159
36	492	0.0	1	442 50
37	180	0.0	1	168 12
38	81	0.0	1	73 8
39	18	0.0	1	16 2
40	18	0.0	1	17 1
41	40	0.0	1	37 3
42	226	0.0	1	206 20
43	8552	0.0	1	7847 705
44	234	0.0	1	204 30
45	38	0.0	1	32 6
46	11	0.0	1	11
47	12	0.0	1	12
48	1	0.0	1	1
50	3	0.0	1	3
51	2	0.0	1	0 2
