This is cutadapt 3.4 with Python 3.8.10
Command line parameters: -a TGGAATTCTCGGGTGCCAAGG -e 0.05 --minimum-length=18 --max-n=1 --cores=16 ../raw/SRR13129039.fastq.gz
Processing reads on 16 cores in single-end mode ...
Finished in 152.24 s (3 µs/read; 17.94 M reads/minute).

=== Summary ===

Total reads processed:              45,514,818
Reads with adapters:                44,060,139 (96.8%)
Reads that were too short:              65,813 (0.1%)
Reads with too many N:                   1,761 (0.0%)
Reads written (passing filters):    45,447,244 (99.9%)

Total basepairs processed: 2,321,255,718 bp
Total written (filtered):  1,652,843,944 bp (71.2%)

=== Adapter 1 ===

Sequence: TGGAATTCTCGGGTGCCAAGG; Type: regular 3'; Length: 21; Trimmed: 44060139 times

No. of allowed errors:
1-19 bp: 0; 20-21 bp: 1

Bases preceding removed adapters:
  A: 11.0%
  C: 57.8%
  G: 17.7%
  T: 13.5%
  none/other: 0.0%

Overview of removed sequences
length	count	expect	max.err	error counts
3	48929	711169.0	0	48929
4	29581	177792.3	0	29581
5	39742	44448.1	0	39742
6	83669	11112.0	0	83669
7	157498	2778.0	0	157498
8	315877	694.5	0	315877
9	645435	173.6	0	645435
10	1226609	43.4	0	1226609
11	1907655	10.9	0	1907655
12	3010222	2.7	0	3010222
13	6042814	0.7	0	6042814
14	10982947	0.2	0	10982947
15	9159557	0.0	0	9159557
16	2697408	0.0	0	2697408
17	1128108	0.0	0	1128108
18	753155	0.0	0	753155
19	541728	0.0	0	531132 10596
20	523417	0.0	1	501112 22305
21	683045	0.0	1	652767 30278
22	523541	0.0	1	499595 23946
23	457614	0.0	1	435649 21965
24	456230	0.0	1	431121 25109
25	515852	0.0	1	490011 25841
26	415073	0.0	1	392854 22219
27	363233	0.0	1	343519 19714
28	321250	0.0	1	305406 15844
29	449070	0.0	1	427088 21982
30	209053	0.0	1	197814 11239
31	145724	0.0	1	137275 8449
32	98979	0.0	1	92280 6699
33	61311	0.0	1	57071 4240
34	26967	0.0	1	24926 2041
35	12239	0.0	1	11283 956
36	5229	0.0	1	4829 400
37	7408	0.0	1	6948 460
38	4127	0.0	1	3868 259
39	1280	0.0	1	1206 74
40	757	0.0	1	721 36
41	402	0.0	1	369 33
42	1125	0.0	1	1055 70
43	6003	0.0	1	5672 331
44	195	0.0	1	179 16
45	30	0.0	1	30
46	12	0.0	1	12
47	10	0.0	1	10
48	7	0.0	1	7
49	7	0.0	1	7
50	8	0.0	1	7 1
51	7	0.0	1	5 2
