This is cutadapt 3.4 with Python 3.8.10
Command line parameters: -a TGGAATTCTCGGGTGCCAAGG -e 0.05 --minimum-length=18 --max-n=1 --cores=16 ../raw/SRR13129040.fastq.gz
Processing reads on 16 cores in single-end mode ...
Finished in 137.73 s (4 µs/read; 16.98 M reads/minute).

=== Summary ===

Total reads processed:              38,968,005
Reads with adapters:                37,110,560 (95.2%)
Reads that were too short:              60,745 (0.2%)
Reads with too many N:                   1,626 (0.0%)
Reads written (passing filters):    38,905,634 (99.8%)

Total basepairs processed: 1,987,368,255 bp
Total written (filtered):  1,434,961,989 bp (72.2%)

=== Adapter 1 ===

Sequence: TGGAATTCTCGGGTGCCAAGG; Type: regular 3'; Length: 21; Trimmed: 37110560 times

No. of allowed errors:
1-19 bp: 0; 20-21 bp: 1

Bases preceding removed adapters:
  A: 12.6%
  C: 54.4%
  G: 19.2%
  T: 13.8%
  none/other: 0.0%

Overview of removed sequences
length	count	expect	max.err	error counts
3	54971	608875.1	0	54971
4	40236	152218.8	0	40236
5	56584	38054.7	0	56584
6	111288	9513.7	0	111288
7	211514	2378.4	0	211514
8	339412	594.6	0	339412
9	575309	148.7	0	575309
10	852831	37.2	0	852831
11	1291708	9.3	0	1291708
12	2350582	2.3	0	2350582
13	4889811	0.6	0	4889811
14	8616089	0.1	0	8616089
15	8664992	0.0	0	8664992
16	3016629	0.0	0	3016629
17	1312149	0.0	0	1312149
18	796882	0.0	0	796882
19	583971	0.0	0	560943 23028
20	529639	0.0	1	496877 32762
21	632166	0.0	1	592131 40035
22	427237	0.0	1	399421 27816
23	317099	0.0	1	295707 21392
24	279777	0.0	1	258240 21537
25	280491	0.0	1	259588 20903
26	201430	0.0	1	185746 15684
27	151236	0.0	1	138621 12615
28	121181	0.0	1	111478 9703
29	132339	0.0	1	121456 10883
30	74692	0.0	1	68173 6519
31	57898	0.0	1	52824 5074
32	45936	0.0	1	41836 4100
33	33736	0.0	1	30904 2832
34	19556	0.0	1	17919 1637
35	8825	0.0	1	7937 888
36	4052	0.0	1	3648 404
37	5826	0.0	1	5383 443
38	3860	0.0	1	3578 282
39	982	0.0	1	917 65
40	612	0.0	1	567 45
41	394	0.0	1	350 44
42	1203	0.0	1	1121 82
43	14914	0.0	1	13755 1159
44	386	0.0	1	336 50
45	67	0.0	1	62 5
46	15	0.0	1	14 1
47	18	0.0	1	13 5
48	7	0.0	1	5 2
49	5	0.0	1	5
50	8	0.0	1	8
51	15	0.0	1	12 3
